<?xml version="1.0" encoding="UTF-8"?>
<testsuite name="com.adventure.MT2" tests="2" skipped="0" failures="0" errors="0" timestamp="2022-09-13T00:49:47" hostname="jason-Z690-AORUS-ELITE-AX-DDR4" time="0.025">
  <properties/>
  <testcase name="canOpenDoor()" classname="com.adventure.MT2" time="0.022"/>
  <testcase name="setName()" classname="com.adventure.MT2" time="0.002"/>
  <system-out><![CDATA[]]></system-out>
  <system-err><![CDATA[]]></system-err>
</testsuite>
