<?xml version="1.0" encoding="UTF-8"?>
<testsuite name="com.adventure.MT1" tests="1" skipped="0" failures="0" errors="0" timestamp="2022-09-05T17:11:32" hostname="jason-Z690-AORUS-ELITE-AX-DDR4" time="0.013">
  <properties/>
  <testcase name="smokeTest()" classname="com.adventure.MT1" time="0.013"/>
  <system-out><![CDATA[]]></system-out>
  <system-err><![CDATA[]]></system-err>
</testsuite>
