<?xml version="1.0" encoding="UTF-8"?>
<testsuite name="com.adventure.MT8" tests="5" skipped="0" failures="0" errors="0" timestamp="2022-10-16T01:15:34" hostname="JASON" time="0.419">
  <properties/>
  <testcase name="testPrintItemsCommand()" classname="com.adventure.MT8" time="0.407"/>
  <testcase name="testBackpackAddRemoveItem()" classname="com.adventure.MT8" time="0.004"/>
  <testcase name="testBackpackLimit()" classname="com.adventure.MT8" time="0.004"/>
  <testcase name="testBackpackViaPlayer()" classname="com.adventure.MT8" time="0.002"/>
  <testcase name="testPrintBackpack()" classname="com.adventure.MT8" time="0.0"/>
  <system-out><![CDATA[]]></system-out>
  <system-err><![CDATA[]]></system-err>
</testsuite>
